This is LuaTeX, Version 1.0.4 (TeX Live 2017/W32TeX)  (format=lualatex 2017.6.19)  3 AUG 2018 21:05
 system commands enabled.
 file:line:error style messages enabled.
**review.tex
(./review.tex
LaTeX2e <2017-04-15>
Lua module: luaotfload-main 2017/01/29 2.80001 OpenType layout system.
Lua module: lualibs 2017-02-01 2.5 ConTeXt Lua standard libraries.
Lua module: lualibs-extended 2017-02-01 2.5 ConTeXt Lua libraries -- extended co
llection.(using write cache: C:/Users/qwe95/.texlive2017/texmf-var/luatex-cache/
generic)(using read cache: C:/texlive/2017/texmf-var/luatex-cache/generic C:/Use
rs/qwe95/.texlive2017/texmf-var/luatex-cache/generic)
luaotfload | conf : Root cache directory is C:/Users/qwe95/.texlive2017/texmf-va
r/luatex-cache/generic/names.
luaotfload | init : Loading fontloader “fontloader-2017-02-11.lua” from kpse
-resolved path “c:/texlive/2017/texmf-dist/tex/luatex/luaotfload/fontloader-20
17-02-11.lua”.
Lua-only attribute luaotfload@state = 1
Lua-only attribute luaotfload@noligature = 2
Lua-only attribute luaotfload@syllabe = 3
luaotfload | init : Context OpenType loader version “3.027”
Inserting `luaotfload.node_processor' at position 1 in `pre_linebreak_filter'.
Inserting `luaotfload.node_processor' at position 1 in `hpack_filter'.
Inserting `luaotfload.define_font' at position 1 in `define_font'.
Lua-only attribute luaotfload_color_attribute = 4
luaotfload | conf : Root cache directory is C:/Users/qwe95/.texlive2017/texmf-va
r/luatex-cache/generic/names.
Inserting `luaotfload.aux.set_sscale_dimens' at position 1 in `luaotfload.patch_
font'.
Inserting `luaotfload.aux.patch_cambria_domh' at position 2 in `luaotfload.patch
_font'.
Inserting `luaotfload.aux.fixup_fontdata' at position 1 in `luaotfload.patch_fon
t_unsafe'.
Inserting `luaotfload.aux.set_capheight' at position 3 in `luaotfload.patch_font
'.
Inserting `luaotfload.rewrite_fontname' at position 4 in `luaotfload.patch_font'
.
luaotfload | main : initialization completed in 0.205 seconds
Babel <3.10> and hyphenation patterns for 1 language(s) loaded.
(c:/texlive/2017/texmf-dist/tex/latex/base/article.cls
Document Class: article 2014/09/29 v1.4h Standard LaTeX document class
(c:/texlive/2017/texmf-dist/tex/latex/base/size10.clo
File: size10.clo 2014/09/29 v1.4h Standard LaTeX file (size option)
luaotfload | db : Font names database loaded from C:/Users/qwe95/.texlive2017/te
xmf-var/luatex-cache/generic/names/luaotfload-names.luc(load luc: C:/Users/qwe95
/.texlive2017/texmf-var/luatex-cache/generic/fonts/otl/lmroman10-regular.luc))
\c@part=\count79
\c@section=\count80
\c@subsection=\count81
\c@subsubsection=\count82
\c@paragraph=\count83
\c@subparagraph=\count84
\c@figure=\count85
\c@table=\count86
\abovecaptionskip=\skip41
\belowcaptionskip=\skip42
\bibindent=\dimen102
)
(c:/texlive/2017/texmf-dist/tex/latex/base/inputenc.sty
Package: inputenc 2015/03/17 v1.2c Input encoding file
\inpenc@prehook=\toks14
\inpenc@posthook=\toks15


Package inputenc Warning: inputenc package ignored with utf8 based engines.

) (c:/texlive/2017/texmf-dist/tex/latex/preprint/fullpage.sty
Package: fullpage 1999/02/23 1.1 (PWD)
\FP@margin=\skip43
)
(c:/texlive/2017/texmf-dist/tex/latex/listings/listings.sty
(c:/texlive/2017/texmf-dist/tex/latex/graphics/keyval.sty
Package: keyval 2014/10/28 v1.15 key=value parser (DPC)
\KV@toks@=\toks16
)
\lst@mode=\count87
\lst@gtempboxa=\box26
\lst@token=\toks17
\lst@length=\count88
\lst@currlwidth=\dimen103
\lst@column=\count89
\lst@pos=\count90
\lst@lostspace=\dimen104
\lst@width=\dimen105
\lst@newlines=\count91
\lst@lineno=\count92
\lst@maxwidth=\dimen106

(c:/texlive/2017/texmf-dist/tex/latex/listings/lstmisc.sty
File: lstmisc.sty 2015/06/04 1.6 (Carsten Heinz)
\c@lstnumber=\count93
\lst@skipnumbers=\count94
\lst@framebox=\box27
)
(c:/texlive/2017/texmf-dist/tex/latex/listings/listings.cfg
File: listings.cfg 2015/06/04 1.6 listings configuration
))
Package: listings 2015/06/04 1.6 (Carsten Heinz)

(c:/texlive/2017/texmf-dist/tex/latex/xcolor/xcolor.sty
Package: xcolor 2016/05/11 v2.12 LaTeX color extensions (UK)

(c:/texlive/2017/texmf-dist/tex/latex/graphics-cfg/color.cfg
File: color.cfg 2016/01/02 v1.6 sample color configuration
)
Package xcolor Info: Driver file: luatex.def on input line 225.

(c:/texlive/2017/texmf-dist/tex/latex/graphics-def/luatex.def
File: luatex.def 2017/01/12 v0.01h Graphics/Color for luaTeX

(c:/texlive/2017/texmf-dist/tex/generic/oberdiek/infwarerr.sty
Package: infwarerr 2016/05/16 v1.4 Providing info/warning/error messages (HO)
)
(c:/texlive/2017/texmf-dist/tex/generic/oberdiek/ltxcmds.sty
Package: ltxcmds 2016/05/16 v1.23 LaTeX kernel commands for general use (HO)
)
\Gread@gobject=\count95
)
Package xcolor Info: Model `cmy' substituted by `cmy0' on input line 1348.
Package xcolor Info: Model `hsb' substituted by `rgb' on input line 1352.
Package xcolor Info: Model `RGB' extended on input line 1364.
Package xcolor Info: Model `HTML' substituted by `rgb' on input line 1366.
Package xcolor Info: Model `Hsb' substituted by `hsb' on input line 1367.
Package xcolor Info: Model `tHsb' substituted by `hsb' on input line 1368.
Package xcolor Info: Model `HSB' substituted by `hsb' on input line 1369.
Package xcolor Info: Model `Gray' substituted by `gray' on input line 1370.
Package xcolor Info: Model `wave' substituted by `hsb' on input line 1371.
)
(c:/texlive/2017/texmf-dist/tex/latex/minted/minted.sty
Package: minted 2016/10/31 v2.4.1 Yet another Pygments shim for LaTeX

(c:/texlive/2017/texmf-dist/tex/latex/oberdiek/kvoptions.sty
Package: kvoptions 2016/05/16 v3.12 Key value format for package options (HO)

(c:/texlive/2017/texmf-dist/tex/generic/oberdiek/kvsetkeys.sty
Package: kvsetkeys 2016/05/16 v1.17 Key value parser (HO)

(c:/texlive/2017/texmf-dist/tex/generic/oberdiek/etexcmds.sty
Package: etexcmds 2016/05/16 v1.6 Avoid name clashes with e-TeX commands (HO)

(c:/texlive/2017/texmf-dist/tex/generic/oberdiek/ifluatex.sty
Package: ifluatex 2016/05/16 v1.4 Provides the ifluatex switch (HO)
Package ifluatex Info: LuaTeX detected.
))))
(c:/texlive/2017/texmf-dist/tex/latex/fvextra/fvextra.sty
Package: fvextra 2016/09/02 v1.2.1 fvextra - extensions and patches for fancyvrb


(c:/texlive/2017/texmf-dist/tex/latex/base/ifthen.sty
Package: ifthen 2014/09/29 v1.1c Standard LaTeX ifthen package (DPC)
)
(c:/texlive/2017/texmf-dist/tex/latex/etoolbox/etoolbox.sty
Package: etoolbox 2017/01/02 v2.4 e-TeX tools for LaTeX (JAW)
\etb@tempcnta=\count96
)
(c:/texlive/2017/texmf-dist/tex/latex/fancyvrb/fancyvrb.sty
Package: fancyvrb 2008/02/07

Style option: `fancyvrb' v2.7a, with DG/SPQR fixes, and firstline=lastline fix 
<2008/02/07> (tvz)
\FV@CodeLineNo=\count97
\FV@InFile=\read1
\FV@TabBox=\box28
\c@FancyVerbLine=\count98
\FV@StepNumber=\count99
\FV@OutFile=\write3
) (c:/texlive/2017/texmf-dist/tex/latex/upquote/upquote.sty
Package: upquote 2012/04/19 v1.3 upright-quote and grave-accent glyphs in verbat
im

(c:/texlive/2017/texmf-dist/tex/latex/base/textcomp.sty
Package: textcomp 2017/04/05 v2.0i Standard LaTeX package
Package textcomp Info: Sub-encoding information:
(textcomp)               5 = only ISO-Adobe without \textcurrency
(textcomp)               4 = 5 + \texteuro
(textcomp)               3 = 4 + \textohm
(textcomp)               2 = 3 + \textestimated + \textcurrency
(textcomp)               1 = TS1 - \textcircled - \t
(textcomp)               0 = TS1 (full)
(textcomp)             Font families with sub-encoding setting implement
(textcomp)             only a restricted character set as indicated.
(textcomp)             Family '?' is the default used for unknown fonts.
(textcomp)             See the documentation for details.
Package textcomp Info: Setting ? sub-encoding to TS1/1 on input line 79.

(c:/texlive/2017/texmf-dist/tex/latex/base/ts1enc.def
File: ts1enc.def 2001/06/05 v3.0e (jk/car/fm) Standard LaTeX file
)
LaTeX Info: Redefining \oldstylenums on input line 334.
Package textcomp Info: Setting cmr sub-encoding to TS1/0 on input line 349.
Package textcomp Info: Setting cmss sub-encoding to TS1/0 on input line 350.
Package textcomp Info: Setting cmtt sub-encoding to TS1/0 on input line 351.
Package textcomp Info: Setting cmvtt sub-encoding to TS1/0 on input line 352.
Package textcomp Info: Setting cmbr sub-encoding to TS1/0 on input line 353.
Package textcomp Info: Setting cmtl sub-encoding to TS1/0 on input line 354.
Package textcomp Info: Setting ccr sub-encoding to TS1/0 on input line 355.
Package textcomp Info: Setting ptm sub-encoding to TS1/4 on input line 356.
Package textcomp Info: Setting pcr sub-encoding to TS1/4 on input line 357.
Package textcomp Info: Setting phv sub-encoding to TS1/4 on input line 358.
Package textcomp Info: Setting ppl sub-encoding to TS1/3 on input line 359.
Package textcomp Info: Setting pag sub-encoding to TS1/4 on input line 360.
Package textcomp Info: Setting pbk sub-encoding to TS1/4 on input line 361.
Package textcomp Info: Setting pnc sub-encoding to TS1/4 on input line 362.
Package textcomp Info: Setting pzc sub-encoding to TS1/4 on input line 363.
Package textcomp Info: Setting bch sub-encoding to TS1/4 on input line 364.
Package textcomp Info: Setting put sub-encoding to TS1/5 on input line 365.
Package textcomp Info: Setting uag sub-encoding to TS1/5 on input line 366.
Package textcomp Info: Setting ugq sub-encoding to TS1/5 on input line 367.
Package textcomp Info: Setting ul8 sub-encoding to TS1/4 on input line 368.
Package textcomp Info: Setting ul9 sub-encoding to TS1/4 on input line 369.
Package textcomp Info: Setting augie sub-encoding to TS1/5 on input line 370.
Package textcomp Info: Setting dayrom sub-encoding to TS1/3 on input line 371.
Package textcomp Info: Setting dayroms sub-encoding to TS1/3 on input line 372.
Package textcomp Info: Setting pxr sub-encoding to TS1/0 on input line 373.
Package textcomp Info: Setting pxss sub-encoding to TS1/0 on input line 374.
Package textcomp Info: Setting pxtt sub-encoding to TS1/0 on input line 375.
Package textcomp Info: Setting txr sub-encoding to TS1/0 on input line 376.
Package textcomp Info: Setting txss sub-encoding to TS1/0 on input line 377.
Package textcomp Info: Setting txtt sub-encoding to TS1/0 on input line 378.
Package textcomp Info: Setting lmr sub-encoding to TS1/0 on input line 379.
Package textcomp Info: Setting lmdh sub-encoding to TS1/0 on input line 380.
Package textcomp Info: Setting lmss sub-encoding to TS1/0 on input line 381.
Package textcomp Info: Setting lmssq sub-encoding to TS1/0 on input line 382.
Package textcomp Info: Setting lmvtt sub-encoding to TS1/0 on input line 383.
Package textcomp Info: Setting lmtt sub-encoding to TS1/0 on input line 384.
Package textcomp Info: Setting qhv sub-encoding to TS1/0 on input line 385.
Package textcomp Info: Setting qag sub-encoding to TS1/0 on input line 386.
Package textcomp Info: Setting qbk sub-encoding to TS1/0 on input line 387.
Package textcomp Info: Setting qcr sub-encoding to TS1/0 on input line 388.
Package textcomp Info: Setting qcs sub-encoding to TS1/0 on input line 389.
Package textcomp Info: Setting qpl sub-encoding to TS1/0 on input line 390.
Package textcomp Info: Setting qtm sub-encoding to TS1/0 on input line 391.
Package textcomp Info: Setting qzc sub-encoding to TS1/0 on input line 392.
Package textcomp Info: Setting qhvc sub-encoding to TS1/0 on input line 393.
Package textcomp Info: Setting futs sub-encoding to TS1/4 on input line 394.
Package textcomp Info: Setting futx sub-encoding to TS1/4 on input line 395.
Package textcomp Info: Setting futj sub-encoding to TS1/4 on input line 396.
Package textcomp Info: Setting hlh sub-encoding to TS1/3 on input line 397.
Package textcomp Info: Setting hls sub-encoding to TS1/3 on input line 398.
Package textcomp Info: Setting hlst sub-encoding to TS1/3 on input line 399.
Package textcomp Info: Setting hlct sub-encoding to TS1/5 on input line 400.
Package textcomp Info: Setting hlx sub-encoding to TS1/5 on input line 401.
Package textcomp Info: Setting hlce sub-encoding to TS1/5 on input line 402.
Package textcomp Info: Setting hlcn sub-encoding to TS1/5 on input line 403.
Package textcomp Info: Setting hlcw sub-encoding to TS1/5 on input line 404.
Package textcomp Info: Setting hlcf sub-encoding to TS1/5 on input line 405.
Package textcomp Info: Setting pplx sub-encoding to TS1/3 on input line 406.
Package textcomp Info: Setting pplj sub-encoding to TS1/3 on input line 407.
Package textcomp Info: Setting ptmx sub-encoding to TS1/4 on input line 408.
Package textcomp Info: Setting ptmj sub-encoding to TS1/4 on input line 409.
))
(c:/texlive/2017/texmf-dist/tex/latex/lineno/lineno.sty
Package: lineno 2005/11/02 line numbers on paragraphs v4.41
\linenopenalty=\count100
\output=\toks18
\linenoprevgraf=\count101
\linenumbersep=\dimen107
\linenumberwidth=\dimen108
\c@linenumber=\count102
\c@pagewiselinenumber=\count103
\c@LN@truepage=\count104
\c@internallinenumber=\count105
\c@internallinenumbers=\count106
\quotelinenumbersep=\dimen109
\bframerule=\dimen110
\bframesep=\dimen111
\bframebox=\box29
LaTeX Info: Redefining \\ on input line 3056.
)
\c@FV@TrueTabGroupLevel=\count107
\c@FV@TrueTabCounter=\count108
\FV@TabBox@Group=\box30
\FV@TmpLength=\skip44
\c@FV@HighlightLinesStart=\count109
\c@FV@HighlightLinesStop=\count110
\FV@BreakIndent=\dimen112
\FV@BreakSymbolSepLeft=\dimen113
\FV@BreakSymbolSepRight=\dimen114
\FV@BreakSymbolIndentLeft=\dimen115
(load luc: C:/Users/qwe95/.texlive2017/texmf-var/luatex-cache/generic/fonts/otl/
lmmono10-regular.luc)
\FV@BreakSymbolIndentRight=\dimen116
\c@FancyVerbLineBreakLast=\count111
\FV@LineBox=\box31
\FV@LineIndentBox=\box32
) (c:/texlive/2017/texmf-dist/tex/latex/float/float.sty
Package: float 2001/11/08 v1.3d Float enhancements (AL)
\c@float@type=\count112
\float@exts=\toks19
\float@box=\box33
\@float@everytoks=\toks20
\@floatcapt=\box34
)
(c:/texlive/2017/texmf-dist/tex/latex/tools/calc.sty
Package: calc 2014/10/28 v4.3 Infix arithmetic (KKT,FJ)
\calc@Acount=\count113
\calc@Bcount=\count114
\calc@Adimen=\dimen117
\calc@Bdimen=\dimen118
\calc@Askip=\skip45
\calc@Bskip=\skip46
LaTeX Info: Redefining \setlength on input line 80.
LaTeX Info: Redefining \addtolength on input line 81.
\calc@Ccount=\count115
\calc@Cskip=\skip47
)
(c:/texlive/2017/texmf-dist/tex/latex/tools/shellesc.sty
Package: shellesc 2016/06/07 v0.02a unified shell escape interface for LaTeX
Package shellesc Info: Unrestricted shell escape enabled on input line 67.
)
(c:/texlive/2017/texmf-dist/tex/latex/ifplatform/ifplatform.sty
Package: ifplatform 2010/10/22 v0.4 Testing for the operating system

(c:/texlive/2017/texmf-dist/tex/generic/oberdiek/pdftexcmds.sty
Package: pdftexcmds 2017/03/19 v0.25 Utility functions of pdfTeX for LuaTeX (HO)


(c:/texlive/2017/texmf-dist/tex/generic/oberdiek/ifpdf.sty
Package: ifpdf 2017/03/15 v3.2 Provides the ifpdf switch
)
Package pdftexcmds Info: \pdf@primitive is available.
Package pdftexcmds Info: \pdf@ifprimitive is available.
Package pdftexcmds Info: \pdfdraftmode found.
\pdftexcmds@toks=\toks21
)
(c:/texlive/2017/texmf-dist/tex/generic/oberdiek/catchfile.sty
Package: catchfile 2016/05/16 v1.7 Catch the contents of a file (HO)
))
(c:/texlive/2017/texmf-dist/tex/generic/xstring/xstring.sty
(c:/texlive/2017/texmf-dist/tex/generic/xstring/xstring.tex
\@xs@message=\write4
\integerpart=\count116
\decimalpart=\count117
)
Package: xstring 2013/10/13  v1.7c  String manipulations (C Tellechea)
)
(c:/texlive/2017/texmf-dist/tex/latex/framed/framed.sty
Package: framed 2011/10/22 v 0.96: framed or shaded text with page breaks
\OuterFrameSep=\skip48
\fb@frw=\dimen119
\fb@frh=\dimen120
\FrameRule=\dimen121
\FrameSep=\dimen122
)
\minted@appexistsfile=\read2
\minted@bgbox=\box35
\minted@code=\write5
\c@minted@FancyVerbLineTemp=\count118
\c@minted@pygmentizecounter=\count119
\@float@every@listing=\toks22
\c@listing=\count120
)
(c:/texlive/2017/texmf-dist/tex/latex/sectsty/sectsty.sty
Package: sectsty 2002/02/25 v2.0.2 Commands to change all sectional heading styl
es
)
(c:/texlive/2017/texmf-dist/tex/latex/pdfpages/pdfpages.sty
Package: pdfpages 2017/01/14 v0.5h Insert pages of external PDF documents (AM)

(c:/texlive/2017/texmf-dist/tex/latex/eso-pic/eso-pic.sty
Package: eso-pic 2015/07/21 v2.0g eso-pic (RN)

(c:/texlive/2017/texmf-dist/tex/generic/oberdiek/atbegshi.sty
Package: atbegshi 2016/06/09 v1.18 At begin shipout hook (HO)
))
(c:/texlive/2017/texmf-dist/tex/latex/graphics/graphicx.sty
Package: graphicx 2014/10/28 v1.0g Enhanced LaTeX Graphics (DPC,SPQR)

(c:/texlive/2017/texmf-dist/tex/latex/graphics/graphics.sty
Package: graphics 2017/04/14 v1.1b Standard LaTeX Graphics (DPC,SPQR)

(c:/texlive/2017/texmf-dist/tex/latex/graphics/trig.sty
Package: trig 2016/01/03 v1.10 sin cos tan (DPC)
)
(c:/texlive/2017/texmf-dist/tex/latex/graphics-cfg/graphics.cfg
File: graphics.cfg 2016/06/04 v1.11 sample graphics configuration
)
Package graphics Info: Driver file: luatex.def on input line 99.
)
\Gin@req@height=\dimen123
\Gin@req@width=\dimen124
)
\AM@pagewidth=\dimen125
\AM@pageheight=\dimen126

(c:/texlive/2017/texmf-dist/tex/latex/pdfpages/ppluatex.def
File: ppluatex.def 2017/01/14 v0.5h Pdfpages driver for LuaTeX (AM)
)
\AM@pagebox=\box36
\AM@global@opts=\toks23
\AM@toc@title=\toks24
\c@AM@survey=\count121
\AM@templatesizebox=\box37
)
(c:/texlive/2017/texmf-dist/tex/luatex/luatexja/addons/luatexja-fontspec.sty
Package: luatexja-fontspec 2017/05/05 fontspec support of LuaTeX-ja

(c:/texlive/2017/texmf-dist/tex/latex/l3packages/l3keys2e/l3keys2e.sty
(c:/texlive/2017/texmf-dist/tex/latex/l3kernel/expl3.sty
Package: expl3 2017/05/13 L3 programming layer (loader) 

(c:/texlive/2017/texmf-dist/tex/latex/l3kernel/expl3-code.tex
Package: expl3 2017/05/13 L3 programming layer (code)
\ucharcat@table=\catcodetable5
\c_max_int=\count122
\l_tmpa_int=\count123
\l_tmpb_int=\count124
\g_tmpa_int=\count125
\g_tmpb_int=\count126
\g__prg_map_int=\count127
\c_log_iow=\count128
\l_iow_line_count_int=\count129
\l__iow_line_target_int=\count130
\l__iow_one_indent_int=\count131
\l__iow_indent_int=\count132
\c_zero_dim=\dimen127
\c_max_dim=\dimen128
\l_tmpa_dim=\dimen129
\l_tmpb_dim=\dimen130
\g_tmpa_dim=\dimen131
\g_tmpb_dim=\dimen132
\c_zero_skip=\skip49
\c_max_skip=\skip50
\l_tmpa_skip=\skip51
\l_tmpb_skip=\skip52
\g_tmpa_skip=\skip53
\g_tmpb_skip=\skip54
\c_zero_muskip=\muskip10
\c_max_muskip=\muskip11
\l_tmpa_muskip=\muskip12
\l_tmpb_muskip=\muskip13
\g_tmpa_muskip=\muskip14
\g_tmpb_muskip=\muskip15
\l_keys_choice_int=\count133
\c__fp_leading_shift_int=\count134
\c__fp_middle_shift_int=\count135
\c__fp_trailing_shift_int=\count136
\c__fp_big_leading_shift_int=\count137
\c__fp_big_middle_shift_int=\count138
\c__fp_big_trailing_shift_int=\count139
\c__fp_Bigg_leading_shift_int=\count140
\c__fp_Bigg_middle_shift_int=\count141
\c__fp_Bigg_trailing_shift_int=\count142
\c__fp_rand_size_int=\count143
\c__fp_rand_four_int=\count144
\c__fp_rand_eight_int=\count145
\l__sort_length_int=\count146
\l__sort_min_int=\count147
\l__sort_top_int=\count148
\l__sort_max_int=\count149
\l__sort_true_max_int=\count150
\l__sort_block_int=\count151
\l__sort_begin_int=\count152
\l__sort_end_int=\count153
\l__sort_A_int=\count154
\l__sort_B_int=\count155
\l__sort_C_int=\count156
\c_empty_box=\box38
\l_tmpa_box=\box39
\l_tmpb_box=\box40
\g_tmpa_box=\box41
\g_tmpb_box=\box42
\l__box_top_dim=\dimen133
\l__box_bottom_dim=\dimen134
\l__box_left_dim=\dimen135
\l__box_right_dim=\dimen136
\l__box_top_new_dim=\dimen137
\l__box_bottom_new_dim=\dimen138
\l__box_left_new_dim=\dimen139
\l__box_right_new_dim=\dimen140
\l__box_internal_box=\box43
\l__coffin_internal_box=\box44
\l__coffin_internal_dim=\dimen141
\l__coffin_offset_x_dim=\dimen142
\l__coffin_offset_y_dim=\dimen143
\l__coffin_x_dim=\dimen144
\l__coffin_y_dim=\dimen145
\l__coffin_x_prime_dim=\dimen146
\l__coffin_y_prime_dim=\dimen147
\c_empty_coffin=\box45
\l__coffin_aligned_coffin=\box46
\l__coffin_aligned_internal_coffin=\box47
\l_tmpa_coffin=\box48
\l_tmpb_coffin=\box49
\l__coffin_display_coffin=\box50
\l__coffin_display_coord_coffin=\box51
\l__coffin_display_pole_coffin=\box52
\l__coffin_display_offset_dim=\dimen148
\l__coffin_display_x_dim=\dimen149
\l__coffin_display_y_dim=\dimen150
\l__coffin_bounding_shift_dim=\dimen151
\l__coffin_left_corner_dim=\dimen152
\l__coffin_right_corner_dim=\dimen153
\l__coffin_bottom_corner_dim=\dimen154
\l__coffin_top_corner_dim=\dimen155
\l__coffin_scaled_total_height_dim=\dimen156
\l__coffin_scaled_width_dim=\dimen157
)
(c:/texlive/2017/texmf-dist/tex/latex/l3kernel/l3pdfmode.def
File: l3pdfmode.def 2017/03/18 v L3 Experimental driver: PDF mode
\l__driver_color_stack_int=\count157
\l__driver_tmp_box=\box53
))
Package: l3keys2e 2017/05/13 LaTeX2e option processing using LaTeX3 keys
)
(c:/texlive/2017/texmf-dist/tex/luatex/luatexja/luatexja.sty
Package: luatexja 2017/05/05 Japanese Typesetting with Lua(La)TeX

(c:/texlive/2017/texmf-dist/tex/luatex/luatexja/luatexja-core.sty
Package: luatexja-core 2017/05/05 Core of LuaTeX-ja

(c:/texlive/2017/texmf-dist/tex/luatex/luatexbase/luatexbase.sty
Package: luatexbase 2015/10/04 v1.3 luatexbase interface to LuaTeX 

(c:/texlive/2017/texmf-dist/tex/luatex/ctablestack/ctablestack.sty
Package: ctablestack 2015/10/01 v1.0 Catcode table stable support
\@catcodetablestackcnt=\count158
)
\CatcodeTableOther=\catcodetable6
\CatcodeTableExpl=\catcodetable7
)
(c:/texlive/2017/texmf-dist/tex/latex/xkeyval/xkeyval.sty
Package: xkeyval 2014/12/03 v2.7a package option processing (HA)

(c:/texlive/2017/texmf-dist/tex/generic/xkeyval/xkeyval.tex
(c:/texlive/2017/texmf-dist/tex/generic/xkeyval/xkvutils.tex
\XKV@toks=\toks25
\XKV@tempa@toks=\toks26
)
\XKV@depth=\count159
File: xkeyval.tex 2014/12/03 v2.7a key=value parser (HA)
))
(c:/texlive/2017/texmf-dist/tex/latex/everyhook/everyhook.sty
(c:/texlive/2017/texmf-dist/tex/latex/svn-prov/svn-prov.sty
Package: svn-prov 2010/04/24 v3.1862 Package Date/Version from SVN Keywords
)
Package: everyhook 2014/11/26 v1.2 (SVN Rev: 12)\ Hooks for low level TeX everyX
 primitives.
\everypar=\toks27
\frozen@everymath=\toks28
\frozen@everydisplay=\toks29
\everyhbox=\toks30
\everyvbox=\toks31
\everycr=\toks32
)
\ltjlineendcomment=\count160
\ltj@zw=\dimen158
\ltj@zh=\dimen159
\jQ=\dimen160
\ltj@icflag=\attribute5
\ltj@curjfnt=\attribute6
\ltj@curtfnt=\attribute7
\ltj@origchar=\attribute8
\ltj@charclass=\attribute9
\ltj@charcode=\attribute10
\ltj@autospc=\attribute11
\ltj@autoxspc=\attribute12
\ltj@yablshift=\attribute13
\ltj@ykblshift=\attribute14
\ltj@tablshift=\attribute15
\ltj@tkblshift=\attribute16
\jfam=\attribute17
\ltj@dir=\attribute18
\ltj@@japanese=\language2
\ltj@tempcnta=\count161
\ltj@kcat0=\attribute19
\ltj@kcat1=\attribute20
\ltj@kcat2=\attribute21
\ltj@kcat3=\attribute22
\ltj@kcat4=\attribute23
\ltj@kcat5=\attribute24
\ltj@kcat6=\attribute25
Custom whatsit inhibitglue = 1
Custom whatsit stack_marker = 2
Custom whatsit begin_par = 3
Custom whatsit direction = 4
Custom whatsit box_boundary = 5(load cache: C:/Users/qwe95/.texlive2017/texmf-va
r/luatexja/ltj-cid-auto-adobe-japan1.luc)
Lua module: luatexja.charrange 2017/05/05 Handling the range of Japanese charact
ers
Lua module: luatexja.stack 2017/05/05 LuaTeX-ja stack system
Inserting `ltj.create_dir_whatsit' at position 2 in `hpack_filter'.
Inserting `ltj.create_dir_whatsit' at position 1 in `post_linebreak_filter'.
Inserting `ltj.direction' at position 1 in `vpack_filter'.
Inserting `ltj.direction' at position 1 in `pre_output_filter'.
Inserting `ltj.direction' at position 1 in `append_to_vlist_filter'.
Lua module: luatexja.jfont 2017/05/05 Loader for Japanese fonts
Removing  `luaotfload.define_font' from `define_font'.
Inserting `luatexja.font_callback' at position 1 in `define_font'.
Removing  `luaotfload.aux.set_sscale_dimens' from `luaotfload.patch_font'.
Removing  `luaotfload.aux.patch_cambria_domh' from `luaotfload.patch_font'.
Removing  `luaotfload.aux.set_capheight' from `luaotfload.patch_font'.
Removing  `luaotfload.rewrite_fontname' from `luaotfload.patch_font'.
Inserting `ltj.prepare_extra_data' at position 1 in `luaotfload.patch_font'.
Inserting `luaotfload.aux.set_sscale_dimens' at position 2 in `luaotfload.patch_
font'.
Inserting `luaotfload.aux.patch_cambria_domh' at position 3 in `luaotfload.patch
_font'.
Inserting `luaotfload.aux.set_capheight' at position 4 in `luaotfload.patch_font
'.
Inserting `luaotfload.rewrite_fontname' at position 5 in `luaotfload.patch_font'
.
Inserting `ltj.prepare_extra_data' at position 1 in `luatexja.define_font'.(load
 cache: C:/Users/qwe95/.texlive2017/texmf-var/luatexja/extra_lmroman10-regular.l
uc)(load cache: C:/Users/qwe95/.texlive2017/texmf-var/luatexja/extra_lmmono10-re
gular.luc)
Inserting `1' at position 1 in `luatexja.define_jfont'.
Removing  `ltj.prepare_extra_data' from `luaotfload.patch_font'.
Removing  `luaotfload.aux.set_sscale_dimens' from `luaotfload.patch_font'.
Removing  `luaotfload.aux.patch_cambria_domh' from `luaotfload.patch_font'.
Removing  `luaotfload.aux.set_capheight' from `luaotfload.patch_font'.
Removing  `luaotfload.rewrite_fontname' from `luaotfload.patch_font'.
Inserting `ltj.supply_tounicode' at position 1 in `luaotfload.patch_font'.
Inserting `ltj.prepare_extra_data' at position 2 in `luaotfload.patch_font'.
Inserting `luaotfload.aux.set_sscale_dimens' at position 3 in `luaotfload.patch_
font'.
Inserting `luaotfload.aux.patch_cambria_domh' at position 4 in `luaotfload.patch
_font'.
Inserting `luaotfload.aux.set_capheight' at position 5 in `luaotfload.patch_font
'.
Inserting `luaotfload.rewrite_fontname' at position 6 in `luaotfload.patch_font'
.
Inserting `ltj.process_input_buffer' at position 1 in `process_input_buffer'.
Inserting `ltj.hyphenate' at position 1 in `hyphenate'.
Removing  `luaotfload.node_processor' from `hpack_filter'.
Removing  `ltj.create_dir_whatsit' from `hpack_filter'.
Inserting `ltj.set_stack_level' at position 1 in `hpack_filter'.
Inserting `luaotfload.node_processor' at position 2 in `hpack_filter'.
Inserting `ltj.create_dir_whatsit' at position 3 in `hpack_filter'.
Removing  `luaotfload.node_processor' from `pre_linebreak_filter'.
Inserting `ltj.set_stack_level' at position 1 in `pre_linebreak_filter'.
Inserting `luaotfload.node_processor' at position 2 in `pre_linebreak_filter'.
Lua module: luatexja.jfmglue 2017/05/05 Insertion process of JFM glues and kanji
skip
Inserting `luatexja.beginpar.np_info' at position 1 in `luatexja.jfmglue.whatsit
_getinfo'.
Inserting `luatexja.beginpar.np_info_after' at position 1 in `luatexja.jfmglue.w
hatsit_after'.
Inserting `ltj.mlist_to_hlist' at position 1 in `mlist_to_hlist'.
Lua module: luatexja.tangle 2011/05/14 
Inserting `ltj.main' at position 3 in `pre_linebreak_filter'.
Removing  `ltj.create_dir_whatsit' from `hpack_filter'.
Inserting `ltj.main' at position 3 in `hpack_filter'.
Inserting `ltj.create_dir_whatsit' at position 4 in `hpack_filter'.
Removing  `ltj.set_stack_level' from `pre_linebreak_filter'.
Removing  `luaotfload.node_processor' from `pre_linebreak_filter'.
Removing  `ltj.main' from `pre_linebreak_filter'.
Inserting `ltj.adjust_icflag' at position 1 in `pre_linebreak_filter'.
Inserting `ltj.set_stack_level' at position 2 in `pre_linebreak_filter'.
Inserting `luaotfload.node_processor' at position 3 in `pre_linebreak_filter'.
Inserting `ltj.main' at position 4 in `pre_linebreak_filter'.
Removing  `ltj.set_stack_level' from `hpack_filter'.
Removing  `luaotfload.node_processor' from `hpack_filter'.
Removing  `ltj.main' from `hpack_filter'.
Removing  `ltj.create_dir_whatsit' from `hpack_filter'.
Inserting `ltj.adjust_icflag' at position 1 in `hpack_filter'.
Inserting `ltj.set_stack_level' at position 2 in `hpack_filter'.
Inserting `luaotfload.node_processor' at position 3 in `hpack_filter'.
Inserting `ltj.main' at position 4 in `hpack_filter'.
Inserting `ltj.create_dir_whatsit' at position 5 in `hpack_filter'. (c:/texlive
/2017/texmf-dist/tex/luatex/luatexja/ltj-base.sty
Package: ltj-base 2017/05/05
\ltj@tempcntb=\count162
\ltj@tempcntc=\count163
\ltj@tempdima=\dimen161
\ltj@afbox=\box54
)
\ltj@@italic@inner=\luafunction1
\ltj@@jfont@inner=\luafunction2
\ltj@zw@inner=\luafunction3
\ltj@zh@inner=\luafunction4
\ltj@reset@globaldefs@inner=\luafunction5
\ltj@restore@globaldefs@inner=\luafunction6
\ltj@@ihb@inner=\luafunction7
\ltj@@fakeparbegin@inner=\luafunction8
\ltj@@fakeboxbdd@inner=\luafunction9
\ltj@@stack=\count164
\ltj@@group@level=\count165
\ltjsetkanjiskip@inner=\luafunction10
\ltjsetxkanjiskip@inner=\luafunction11
\ltj@@box@dirhook=\luafunction12
\ltj@@reset@badness@inner=\luafunction13

(c:/texlive/2017/texmf-dist/tex/luatex/luatexja/ltj-latex.sty
Package: ltj-latex 2017/05/05 LaTeX support of LuaTeX-ja

(c:/texlive/2017/texmf-dist/tex/luatex/luatexja/patches/lltjfont.sty
Package: lltjfont 2017/05/05 Patch to NFSS2 for LuaTeX-ja

(c:/texlive/2017/texmf-dist/tex/latex/base/tuenc.def
File: tuenc.def 2017/04/05 v2.0i Standard LaTeX file
LaTeX Font Info:    Redeclaring font encoding TU on input line 82.
)
\Cht=\dimen162
\cht=\dimen163
\Cdp=\dimen164
\cdp=\dimen165
\Cwd=\dimen166
\cwd=\dimen167
\Cvs=\dimen168
\cvs=\dimen169
\Chs=\dimen170
\chs=\dimen171
\cHT=\dimen172
\dstrutbox=\box55
\tstrutbox=\box56
\zstrutbox=\box57

(c:/texlive/2017/texmf-dist/tex/latex/ms/everysel.sty
Package: everysel 2011/10/28 v1.2 EverySelectfont Package (MS)
)
ABD: EverySelectfont initializing macros
LaTeX Info: Redefining \selectfont on input line 316.
\ltj@@adjust@baseline@inner=\luafunction14
LaTeX Info: Redefining \fontencoding on input line 466.
LaTeX Info: Redefining \fontfamily on input line 511.
LaTeX Info: Redefining \fontseries on input line 545.
LaTeX Info: Redefining \fontshape on input line 548.
LaTeX Info: Redefining \normalfont on input line 560.
)
(c:/texlive/2017/texmf-dist/tex/luatex/luatexja/patches/lltjdefs.sty
Package: lltjdefs 2017/05/05 Default font settings of LuaTeX-ja
LaTeX Font Info:    Font shape `JT3/mc/m/n' will be
(Font)              scaled to size 9.6222pt on input line 46.
luaotfload | cache : Lookup cache loaded from C:/Users/qwe95/.texlive2017/texmf-
var/luatex-cache/generic/names/luaotfload-lookup-cache.luc.(load luc: C:/Users/q
we95/.texlive2017/texmf-var/luatex-cache/generic/fonts/otl/ipaexm.luc)(load cach
e: C:/Users/qwe95/.texlive2017/texmf-var/luatexja/extra_ipaexm.luc)
(c:/texlive/2017/texmf-dist/tex/luatex/luatexja/jfm-ujisv.lua)
LaTeX Font Info:    Font shape `JY3/mc/m/n' will be
(Font)              scaled to size 9.6222pt on input line 46.

(c:/texlive/2017/texmf-dist/tex/luatex/luatexja/jfm-ujis.lua)
\symmincho=\mathgroup4
LaTeX Font Info:    Overwriting symbol font `mincho' in version `bold'
(Font)                  JY3/mc/m/n --> JY3/gt/m/n on input line 55.
LaTeX Info: Redefining \rmfamily on input line 62.
LaTeX Info: Redefining \sffamily on input line 66.
LaTeX Info: Redefining \ttfamily on input line 70.
LaTeX Info: Redefining \em on input line 75.
)
(c:/texlive/2017/texmf-dist/tex/luatex/luatexja/patches/lltjcore.sty
Package: lltjcore 2017/05/05 Patch to LaTeX2e Kernel for LuaTeX-ja
\@tombowwidth=\dimen173
\@TL=\box58
\@Tl=\box59
\@TC=\box60
\@TR=\box61
\@Tr=\box62
\@BL=\box63
\@Bl=\box64
\@BC=\box65
\@BR=\box66
\@Br=\box67
\@CL=\box68
\@CR=\box69
\@bannertoken=\toks33
\@@paperheight=\dimen174
\@@paperwidth=\dimen175
\@@topmargin=\dimen176
\hour=\count166
\minute=\count167
)
(c:/texlive/2017/texmf-dist/tex/luatex/luatexja/patches/lltjp-geometry.sty
Package: lltjp-geometry 2017/05/05 Patch to geometry for LuaTeX-ja with vertical
 writing mode

(c:/texlive/2017/texmf-dist/tex/latex/filehook/filehook.sty
Package: filehook 2011/10/12 v0.5d Hooks for input files
)))
\ltj@temp@cctb=\catcodetable8
)
(c:/texlive/2017/texmf-dist/tex/luatex/luatexja/luatexja-compat.sty
Package: luatexja-compat 2017/05/05 Compatibility with pTeX
(load cache: C:/Users/qwe95/.texlive2017/texmf-var/luatexja/ltj-jisx0208.luc)
\hour=\count168
\minute=\count169
))(load luc: C:/Users/qwe95/.texlive2017/texmf-var/luatex-cache/generic/fonts/ot
l/lmroman17-regular.luc)(load cache: C:/Users/qwe95/.texlive2017/texmf-var/luate
xja/extra_lmroman17-regular.luc)
LaTeX Font Info:    Font shape `JT3/mc/m/n' will be
(Font)              scaled to size 15.39551pt on input line 14.
LaTeX Font Info:    Font shape `JY3/mc/m/n' will be
(Font)              scaled to size 15.39551pt on input line 14.

(c:/texlive/2017/texmf-dist/tex/latex/fontspec/fontspec.sty
(c:/texlive/2017/texmf-dist/tex/latex/l3packages/xparse/xparse.sty
Package: xparse 2017/05/13 L3 Experimental document command parser
\l__xparse_current_arg_int=\count170
\g__xparse_grabber_int=\count171
\l__xparse_m_args_int=\count172
\l__xparse_mandatory_args_int=\count173
\l__xparse_v_nesting_int=\count174
)
Package: fontspec 2017/03/31 v2.6a Font selection for XeLaTeX and LuaLaTeX
Lua module: fontspec 2017/03/31 2.6a Font selection for XeLaTeX and LuaLaTeX
(c:/texlive/2017/texmf-dist/tex/latex/fontspec/fontspec-luatex.sty
Package: fontspec-luatex 2017/03/31 v2.6a Font selection for XeLaTeX and LuaLaTe
X
\l__fontspec_script_int=\count175
\l__fontspec_language_int=\count176
\l__fontspec_strnum_int=\count177
\l__fontspec_tmp_int=\count178
\l__fontspec_em_int=\count179
\l__fontspec_emdef_int=\count180
\l__fontspec_strong_int=\count181
\l__fontspec_strongdef_int=\count182
\l__fontspec_tmpa_dim=\dimen177
\l__fontspec_tmpb_dim=\dimen178
\l__fontspec_tmpc_dim=\dimen179
\g__file_internal_ior=\read3

(c:/texlive/2017/texmf-dist/tex/latex/base/fontenc.sty
Package: fontenc 2017/04/05 v2.0i Standard LaTeX package

(c:/texlive/2017/texmf-dist/tex/latex/base/tuenc.def
File: tuenc.def 2017/04/05 v2.0i Standard LaTeX file
LaTeX Font Info:    Redeclaring font encoding TU on input line 82.
)
LaTeX Font Info:    Font shape `JY3/mc/m/n' will be
(Font)              scaled to size 9.6222pt on input line 105.
)
.................................................
. LaTeX info: "xparse/define-command"
. 
. Defining command \fontspec with sig. 'O{}mO{}' on line 475.
.................................................
.................................................
. LaTeX info: "xparse/define-command"
. 
. Defining command \setmainfont with sig. 'O{}mO{}' on line 486.
.................................................
.................................................
. LaTeX info: "xparse/define-command"
. 
. Defining command \setsansfont with sig. 'O{}mO{}' on line 506.
.................................................
.................................................
. LaTeX info: "xparse/define-command"
. 
. Defining command \setmonofont with sig. 'O{}mO{}' on line 526.
.................................................
.................................................
. LaTeX info: "xparse/define-command"
. 
. Defining command \setromanfont with sig. 'O{}mO{}' on line 546.
.................................................
.................................................
. LaTeX info: "xparse/define-command"
. 
. Defining command \setmathrm with sig. 'O{}mO{}' on line 550.
.................................................
.................................................
. LaTeX info: "xparse/define-command"
. 
. Defining command \setboldmathrm with sig. 'O{}mO{}' on line 558.
.................................................
.................................................
. LaTeX info: "xparse/define-command"
. 
. Defining command \setmathsf with sig. 'O{}mO{}' on line 566.
.................................................
.................................................
. LaTeX info: "xparse/define-command"
. 
. Defining command \setmathtt with sig. 'O{}mO{}' on line 574.
.................................................
.................................................
. LaTeX info: "xparse/define-command"
. 
. Defining command \newfontfamily with sig. 'mO{}mO{}' on line 589.
.................................................
.................................................
. LaTeX info: "xparse/define-command"
. 
. Defining command \newfontface with sig. 'mO{}mO{}' on line 606.
.................................................
.................................................
. LaTeX info: "xparse/define-command"
. 
. Defining command \defaultfontfeatures with sig. 't+om' on line 617.
.................................................
.................................................
. LaTeX info: "xparse/define-command"
. 
. Defining command \addfontfeatures with sig. 'm' on line 648.
.................................................
.................................................
. LaTeX info: "xparse/define-command"
. 
. Defining command \newfontfeature with sig. 'mm' on line 675.
.................................................
.................................................
. LaTeX info: "xparse/define-command"
. 
. Defining command \newAATfeature with sig. 'mmmm' on line 689.
.................................................
.................................................
. LaTeX info: "xparse/define-command"
. 
. Defining command \newopentypefeature with sig. 'mmm' on line 703.
.................................................
.................................................
. LaTeX info: "xparse/define-command"
. 
. Defining command \newICUfeature with sig. 'mmm' on line 723.
.................................................
.................................................
. LaTeX info: "xparse/define-command"
. 
. Defining command \aliasfontfeature with sig. 'mm' on line 727.
.................................................
.................................................
. LaTeX info: "xparse/define-command"
. 
. Defining command \aliasfontfeatureoption with sig. 'mmm' on line 748.
.................................................
.................................................
. LaTeX info: "xparse/define-command"
. 
. Defining command \newfontscript with sig. 'mm' on line 781.
.................................................
.................................................
. LaTeX info: "xparse/define-command"
. 
. Defining command \newfontlanguage with sig. 'mm' on line 785.
.................................................
.................................................
. LaTeX info: "xparse/define-command"
. 
. Defining command \DeclareFontsExtensions with sig. 'm' on line 789.
.................................................
.................................................
. LaTeX info: "xparse/define-command"
. 
. Defining command \IfFontFeatureActiveTF with sig. 'mmm' on line 800.
.................................................
.................................................
. LaTeX info: "xparse/define-command"
. 
. Defining command \EncodingCommand with sig. 'mO{}m' on line 3162.
.................................................
.................................................
. LaTeX info: "xparse/define-command"
. 
. Defining command \EncodingAccent with sig. 'mm' on line 3168.
.................................................
.................................................
. LaTeX info: "xparse/define-command"
. 
. Defining command \EncodingSymbol with sig. 'mm' on line 3174.
.................................................
.................................................
. LaTeX info: "xparse/define-command"
. 
. Defining command \EncodingComposite with sig. 'mmm' on line 3180.
.................................................
.................................................
. LaTeX info: "xparse/define-command"
. 
. Defining command \EncodingCompositeCommand with sig. 'mmm' on line 3186.
.................................................
.................................................
. LaTeX info: "xparse/define-command"
. 
. Defining command \DeclareUnicodeEncoding with sig. 'mm' on line 3211.
.................................................
.................................................
. LaTeX info: "xparse/define-command"
. 
. Defining command \UndeclareSymbol with sig. 'm' on line 3217.
.................................................
.................................................
. LaTeX info: "xparse/define-command"
. 
. Defining command \UndeclareComposite with sig. 'mm' on line 3225.
.................................................

(c:/texlive/2017/texmf-dist/tex/latex/fontspec/fontspec.cfg)
LaTeX Info: Redefining \itshape on input line 3410.
LaTeX Info: Redefining \slshape on input line 3415.
LaTeX Info: Redefining \scshape on input line 3420.
LaTeX Info: Redefining \upshape on input line 3425.
LaTeX Info: Redefining \em on input line 3455.
LaTeX Info: Redefining \emph on input line 3480.
(load luc: C:/Users/qwe95/.texlive2017/texmf-var/luatex-cache/generic/fonts/otl/
lmroman10-bold.luc)(load cache: C:/Users/qwe95/.texlive2017/texmf-var/luatexja/e
xtra_lmroman10-bold.luc)
LaTeX Font Info:    Font shape `JT3/mc/bx/n' in size <10> not available
(Font)              Font shape `JT3/gt/m/n' tried instead on input line 3529.
LaTeX Font Info:    Font shape `JT3/gt/m/n' will be
(Font)              scaled to size 9.6222pt on input line 3529.
(load luc: C:/Users/qwe95/.texlive2017/texmf-var/luatex-cache/generic/fonts/otl/
ipaexg.luc)(load cache: C:/Users/qwe95/.texlive2017/texmf-var/luatexja/extra_ipa
exg.luc)
LaTeX Font Info:    Font shape `JY3/mc/bx/n' in size <10> not available
(Font)              Font shape `JY3/gt/m/n' tried instead on input line 3529.
LaTeX Font Info:    Font shape `JY3/gt/m/n' will be
(Font)              scaled to size 9.6222pt on input line 3529.
(load luc: C:/Users/qwe95/.texlive2017/texmf-var/luatex-cache/generic/fonts/otl/
lmroman10-italic.luc)(load cache: C:/Users/qwe95/.texlive2017/texmf-var/luatexja
/extra_lmroman10-italic.luc)

LaTeX Font Warning: Font shape `JT3/mc/m/it' undefined
(Font)              using `JT3/mc/m/n' instead on input line 3530.


LaTeX Font Warning: Font shape `JY3/mc/m/it' undefined
(Font)              using `JY3/mc/m/n' instead on input line 3530.

LaTeX Info: Redefining \- on input line 3531.
.................................................
. LaTeX info: "xparse/redefine-command"
. 
. Redefining command \oldstylenums with sig. 'm' on line 3626.
.................................................
.................................................
. LaTeX info: "xparse/define-command"
. 
. Defining command \liningnums with sig. 'm' on line 3630.
.................................................
))
(c:/texlive/2017/texmf-dist/tex/luatex/luatexja/patches/lltjp-fontspec-immediat
e.sty
.................................................
. LaTeX info: "xparse/redefine-command"
. 
. Redefining command \setmainfont with sig. 'O{}mO{}' on line 65.
.................................................
.................................................
. LaTeX info: "xparse/redefine-command"
. 
. Redefining command \setsansfont with sig. 'O{}mO{}' on line 65.
.................................................
.................................................
. LaTeX info: "xparse/redefine-command"
. 
. Redefining command \setmonofont with sig. 'O{}mO{}' on line 65.
.................................................
)
(c:/texlive/2017/texmf-dist/tex/luatex/luatexja/addons/luatexja-fontspec-25c.st
y
Package: luatexja-fontspec-25c 2017/05/05 fontspec support of LuaTeX-ja
\g_ltj_fontspec_altnumber_int=\count183
.................................................
. LaTeX info: "xparse/define-command"
. 
. Defining command \jfontspec with sig. 'O{}mO{}' on line 280.
.................................................
.................................................
. LaTeX info: "xparse/define-command"
. 
. Defining command \setmainjfont with sig. 'O{}mO{}' on line 287.
.................................................
.................................................
. LaTeX info: "xparse/define-command"
. 
. Defining command \setsansjfont with sig. 'O{}mO{}' on line 293.
.................................................
.................................................
. LaTeX info: "xparse/define-command"
. 
. Defining command \newjfontfamily with sig. 'mO{}mO{}' on line 299.
.................................................
.................................................
. LaTeX info: "xparse/define-command"
. 
. Defining command \newjfontface with sig. 'mO{}mO{}' on line 303.
.................................................
.................................................
. LaTeX info: "xparse/define-command"
. 
. Defining command \defaultjfontfeatures with sig. 't+om' on line 313.
.................................................
.................................................
. LaTeX info: "xparse/define-command"
. 
. Defining command \addjfontfeatures with sig. 'm' on line 344.
.................................................
))(load luc: C:/Users/qwe95/.texlive2017/texmf-var/luatex-cache/generic/fonts/ot
l/notoserifcjksc-regular.luc)(load cache: C:/Users/qwe95/.texlive2017/texmf-var/
luatexja/extra_notoserifcjksc-regular.luc)
\g__fontspec_family_NotoSerifCJKsc-Regular.otf_int=\count184
(load luc: C:/Users/qwe95/.texlive2017/texmf-var/luatex-cache/generic/fonts/otl/
notoserifcjksc-bold.luc)(load cache: C:/Users/qwe95/.texlive2017/texmf-var/luate
xja/extra_notoserifcjksc-bold.luc)
luaotfload | db : Reload initiated (formats: otf,ttf,ttc); reason: "File not fou
nd: simkai.ttc.".(load luc: C:/Users/qwe95/.texlive2017/texmf-var/luatex-cache/g
eneric/fonts/otl/simkai.luc)(load cache: C:/Users/qwe95/.texlive2017/texmf-var/l
uatexja/extra_simkai.luc)
.................................................
. fontspec info: "defining-font"
. 
. Font family 'NotoSerifCJKsc-Regular.otf(0)' created for font
. 'NotoSerifCJKsc-Regular.otf' with options
. [YokoFeatures={JFM=ujis},TateFeatures={JFM=ujisv},Scale=0.96221923828125,Kerni
ng=Off,Script=CJK,BoldFont={NotoSerifCJKsc-Bold.otf},ItalicFont={simkai.ttc}].
.  
.  This font family consists of the following NFSS series/shapes:
.  
.................................................
LaTeX Font Info:    Redeclaring symbol font `mincho' on input line 25.
LaTeX Font Info:    Overwriting symbol font `mincho' in version `normal'
(Font)                  JY3/mc/m/n --> JY3/NotoSerifCJKsc-Regular.otf(0)/m/n on 
input line 25.
LaTeX Font Info:    Overwriting symbol font `mincho' in version `bold'
(Font)                  JY3/gt/m/n --> JY3/NotoSerifCJKsc-Regular.otf(0)/m/n on 
input line 25.
LaTeX Font Info:    Overwriting symbol font `mincho' in version `bold'
(Font)                  JY3/NotoSerifCJKsc-Regular.otf(0)/m/n --> JY3/NotoSerifC
JKsc-Regular.otf(0)/bx/n on input line 25.
LaTeX Font Info:    Font shape `JT3/NotoSerifCJKsc-Regular.otf(0)/m/n' will be
(Font)              scaled to size 9.6222pt on input line 25.
LaTeX Font Info:    Font shape `JY3/NotoSerifCJKsc-Regular.otf(0)/m/n' will be
(Font)              scaled to size 9.6222pt on input line 25.
 (c:/texlive/2017/texmf-dist/tex/latex/amsmath/amsmath.sty
Package: amsmath 2016/11/05 v2.16a AMS math features
\@mathmargin=\skip55

For additional information on amsmath, use the `?' option.
(c:/texlive/2017/texmf-dist/tex/latex/amsmath/amstext.sty
Package: amstext 2000/06/29 v2.01 AMS text

(c:/texlive/2017/texmf-dist/tex/latex/amsmath/amsgen.sty
File: amsgen.sty 1999/11/30 v2.0 generic functions
\@emptytoks=\toks34
\ex@=\dimen180
))
(c:/texlive/2017/texmf-dist/tex/latex/amsmath/amsbsy.sty
Package: amsbsy 1999/11/29 v1.2d Bold Symbols
\pmbraise@=\dimen181
)
(c:/texlive/2017/texmf-dist/tex/latex/amsmath/amsopn.sty
Package: amsopn 2016/03/08 v2.02 operator names
)
\inf@bad=\count185
LaTeX Info: Redefining \frac on input line 213.
\uproot@=\count186
\leftroot@=\count187
LaTeX Info: Redefining \overline on input line 375.
\classnum@=\count188
\DOTSCASE@=\count189
LaTeX Info: Redefining \ldots on input line 472.
LaTeX Info: Redefining \dots on input line 475.
LaTeX Info: Redefining \cdots on input line 596.
\Mathstrutbox@=\box70
\strutbox@=\box71
\big@size=\dimen182
LaTeX Font Info:    Redeclaring font encoding OML on input line 712.
LaTeX Font Info:    Redeclaring font encoding OMS on input line 713.
\macc@depth=\count190
\c@MaxMatrixCols=\count191
\dotsspace@=\muskip16
\c@parentequation=\count192
\dspbrk@lvl=\count193
\tag@help=\toks35
\row@=\count194
\column@=\count195
\maxfields@=\count196
\andhelp@=\toks36
\eqnshift@=\dimen183
\alignsep@=\dimen184
\tagshift@=\dimen185
\tagwidth@=\dimen186
\totwidth@=\dimen187
\lineht@=\dimen188
\@envbody=\toks37
\multlinegap=\skip56
\multlinetaggap=\skip57
\mathdisplay@stack=\toks38
LaTeX Info: Redefining \[ on input line 2817.
LaTeX Info: Redefining \] on input line 2818.
)
(c:/texlive/2017/texmf-dist/tex/latex/amsfonts/amssymb.sty
Package: amssymb 2013/01/14 v3.01 AMS font symbols

(c:/texlive/2017/texmf-dist/tex/latex/amsfonts/amsfonts.sty
Package: amsfonts 2013/01/14 v3.01 Basic AMSFonts support
\symAMSa=\mathgroup5
\symAMSb=\mathgroup6
LaTeX Font Info:    Overwriting math alphabet `\mathfrak' in version `bold'
(Font)                  U/euf/m/n --> U/euf/b/n on input line 106.
))
(c:/texlive/2017/texmf-dist/tex/latex/amscls/amsthm.sty
Package: amsthm 2015/03/04 v2.20.2
\thm@style=\toks39
\thm@bodyfont=\toks40
\thm@headfont=\toks41
\thm@notefont=\toks42
\thm@headpunct=\toks43
\thm@preskip=\skip58
\thm@postskip=\skip59
\thm@headsep=\skip60
\dth@everypar=\toks44
)
(c:/texlive/2017/texmf-dist/tex/latex/was/upgreek.sty
Package: upgreek 2003/02/12 v2.0 (WaS)
Package upgreek Info: Using Euler Roman for upright Greek on input line 31.
\symugrf@m=\mathgroup7
LaTeX Font Info:    Overwriting symbol font `ugrf@m' in version `bold'
(Font)                  U/eur/m/n --> U/eur/b/n on input line 38.
)
(c:/texlive/2017/texmf-dist/tex/latex/siunitx/siunitx.sty
Package: siunitx 2017/05/19 v2.7g A comprehensive (SI) units package

(c:/texlive/2017/texmf-dist/tex/latex/tools/array.sty
Package: array 2016/10/06 v2.4d Tabular extension package (FMi)
\col@sep=\dimen189
\extrarowheight=\dimen190
\NC@list=\toks45
\extratabsurround=\skip61
\backup@length=\skip62
)
\l__siunitx_tmp_box=\box72
\l__siunitx_tmp_dim=\dimen191
\l__siunitx_tmp_int=\count197
\l__siunitx_number_mantissa_length_int=\count198
\l__siunitx_number_uncert_length_int=\count199
\l__siunitx_round_int=\count266
\l__siunitx_process_decimal_int=\count267
\l__siunitx_process_uncertainty_int=\count268
\l__siunitx_process_fixed_int=\count269
\l__siunitx_process_integer_min_int=\count270
\l__siunitx_process_precision_int=\count271
\l__siunitx_group_min_int=\count272
\l__siunitx_angle_marker_box=\box73
\l__siunitx_angle_unit_box=\box74
\l__siunitx_angle_marker_dim=\dimen192
\l__siunitx_angle_unit_dim=\dimen193
\l__siunitx_unit_int=\count273
\l__siunitx_unit_denominator_int=\count274
\l__siunitx_unit_numerator_int=\count275
\l__siunitx_unit_prefix_int=\count276
\l__siunitx_unit_prefix_base_int=\count277
\l__siunitx_unit_prefix_gram_int=\count278
\l__siunitx_number_product_int=\count279
\c__siunitx_one_fill_skip=\skip63
\l__siunitx_table_unit_align_skip=\skip64
\l__siunitx_table_exponent_dim=\dimen194
\l__siunitx_table_integer_dim=\dimen195
\l__siunitx_table_mantissa_dim=\dimen196
\l__siunitx_table_marker_dim=\dimen197
\l__siunitx_table_result_dim=\dimen198
\l__siunitx_table_uncert_dim=\dimen199
\l__siunitx_table_fill_pre_dim=\dimen256
\l__siunitx_table_fill_post_dim=\dimen257
\l__siunitx_table_fill_mid_dim=\dimen258
\l__siunitx_table_pre_box=\box75
\l__siunitx_table_post_box=\box76
\l__siunitx_table_mantissa_box=\box77
\l__siunitx_table_result_box=\box78
\l__siunitx_table_number_align_skip=\skip65
\l__siunitx_table_text_align_skip=\skip66
.................................................
. LaTeX info: "xparse/define-command"
. 
. Defining command \DeclareBinaryPrefix with sig. 'mmm' on line 7251.
.................................................
.................................................
. LaTeX info: "xparse/define-command"
. 
. Defining command \DeclareSIPostPower with sig. 'mm' on line 7254.
.................................................
.................................................
. LaTeX info: "xparse/define-command"
. 
. Defining command \DeclareSIPrefix with sig. 'mmm' on line 7257.
.................................................
.................................................
. LaTeX info: "xparse/define-command"
. 
. Defining command \DeclareSIPrePower with sig. 'mm' on line 7260.
.................................................
.................................................
. LaTeX info: "xparse/define-command"
. 
. Defining command \DeclareSIQualifier with sig. 'mm' on line 7263.
.................................................
.................................................
. LaTeX info: "xparse/define-command"
. 
. Defining command \DeclareSIUnit with sig. 'O{}mm' on line 7266.
.................................................
.................................................
. LaTeX info: "xparse/define-command"
. 
. Defining command \DeclareSIUnitWithOptions with sig. 'mmm' on line 7269.
.................................................
.................................................
. LaTeX info: "xparse/define-command"
. 
. Defining command \ang with sig. 'o>{\SplitArgument {2}{;}}m' on line 7284.
.................................................
.................................................
. LaTeX info: "xparse/define-command"
. 
. Defining command \num with sig. 'om' on line 7293.
.................................................
.................................................
. LaTeX info: "xparse/define-command"
. 
. Defining command \numlist with sig. 'o>{\SplitList {;}}m' on line 7302.
.................................................
.................................................
. LaTeX info: "xparse/define-command"
. 
. Defining command \numrange with sig. 'omm' on line 7311.
.................................................
.................................................
. LaTeX info: "xparse/define-command"
. 
. Defining command \SIlist with sig. 'o>{\SplitList {;}}mm' on line 7323.
.................................................
.................................................
. LaTeX info: "xparse/define-command"
. 
. Defining command \SIrange with sig. 'ommm' on line 7335.
.................................................
.................................................
. LaTeX info: "xparse/define-command"
. 
. Defining command \SI with sig. 'omom' on line 7347.
.................................................
.................................................
. LaTeX info: "xparse/define-command"
. 
. Defining command \sisetup with sig. 'm' on line 7350.
.................................................
.................................................
. LaTeX info: "xparse/define-command"
. 
. Defining command \tablenum with sig. 'om' on line 7365.
.................................................
.................................................
. LaTeX info: "xparse/define-command"
. 
. Defining command \si with sig. 'om' on line 7377.
.................................................
.................................................
. LaTeX info: "xparse/define-command"
. 
. Defining command \numInBookmark with sig. 'om' on line 7424.
.................................................
.................................................
. LaTeX info: "xparse/define-command"
. 
. Defining command \numrangeInBookmark with sig. 'omm' on line 7426.
.................................................
.................................................
. LaTeX info: "xparse/define-command"
. 
. Defining command \SIInBookmark with sig. 'omom' on line 7428.
.................................................
.................................................
. LaTeX info: "xparse/define-command"
. 
. Defining command \SIlistInBookmark with sig. 'omm' on line 7430.
.................................................
.................................................
. LaTeX info: "xparse/define-command"
. 
. Defining command \SIrangeInBookmark with sig. 'ommm' on line 7432.
.................................................
.................................................
. LaTeX info: "xparse/define-command"
. 
. Defining command \siInBookmark with sig. 'om' on line 7433.
.................................................

(c:/texlive/2017/texmf-dist/tex/latex/beamer/translator/translator.sty
Package: translator 2010/06/12 ver 1.10

(c:/texlive/2017/texmf-dist/tex/latex/beamer/translator/translator-language-map
pings.tex))) (c:/texlive/2017/texmf-dist/tex/latex/caption/caption.sty
Package: caption 2016/02/21 v3.3-144 Customizing captions (AR)

(c:/texlive/2017/texmf-dist/tex/latex/caption/caption3.sty
Package: caption3 2016/05/22 v1.7-166 caption3 kernel (AR)
Package caption3 Info: TeX engine: e-TeX on input line 67.
\captionmargin=\dimen259
\captionmargin@=\dimen260
\captionwidth=\dimen261
\caption@tempdima=\dimen262
\caption@indent=\dimen263
\caption@parindent=\dimen264
\caption@hangindent=\dimen265
)
\c@ContinuedFloat=\count280
Package caption Info: float package is loaded.
Package caption Info: listings package is loaded.
)
(c:/texlive/2017/texmf-dist/tex/latex/caption/subcaption.sty
Package: subcaption 2016/05/22 v1.1-161 Sub-captions (AR)
\c@subfigure=\count281
\c@subtable=\count282
)
(c:/texlive/2017/texmf-dist/tex/latex/tools/indentfirst.sty
Package: indentfirst 1995/11/23 v1.03 Indent first paragraph (DPC)
)
(c:/texlive/2017/texmf-dist/tex/latex/cite/cite.sty
LaTeX Info: Redefining \cite on input line 302.
LaTeX Info: Redefining \nocite on input line 332.
Package: cite 2015/02/27  v 5.5
)
(c:/texlive/2017/texmf-dist/tex/latex/pdfsync/pdfsync.sty
**** pdfsync.sty: WARNING, synchronization is only available with pdftex like e
ngines.) (c:/texlive/2017/texmf-dist/tex/latex/hyperref/hyperref.sty
Package: hyperref 2017/03/14 v6.85a Hypertext links for LaTeX

(c:/texlive/2017/texmf-dist/tex/generic/oberdiek/hobsub-hyperref.sty
Package: hobsub-hyperref 2016/05/16 v1.14 Bundle oberdiek, subset hyperref (HO)

(c:/texlive/2017/texmf-dist/tex/generic/oberdiek/hobsub-generic.sty
Package: hobsub-generic 2016/05/16 v1.14 Bundle oberdiek, subset generic (HO)
Package: hobsub 2016/05/16 v1.14 Construct package bundles (HO)
Package hobsub Info: Skipping package `infwarerr' (already loaded).
Package hobsub Info: Skipping package `ltxcmds' (already loaded).
Package hobsub Info: Skipping package `ifluatex' (already loaded).
Package: ifvtex 2016/05/16 v1.6 Detect VTeX and its facilities (HO)
Package ifvtex Info: VTeX not detected.
Package: intcalc 2016/05/16 v1.2 Expandable calculations with integers (HO)
Package hobsub Info: Skipping package `ifpdf' (already loaded).
Package hobsub Info: Skipping package `etexcmds' (already loaded).
Package hobsub Info: Skipping package `kvsetkeys' (already loaded).
Package: kvdefinekeys 2016/05/16 v1.4 Define keys (HO)
Package: luatex-loader 2016/05/16 v0.6 Lua module loader (HO)

(c:/texlive/2017/texmf-dist/scripts/oberdiek/oberdiek.luatex.lua)
Package hobsub Info: Skipping package `pdftexcmds' (already loaded).
Package: pdfescape 2016/05/16 v1.14 Implements pdfTeX's escape features (HO)
Package: bigintcalc 2016/05/16 v1.4 Expandable calculations on big integers (HO)

Package: bitset 2016/05/16 v1.2 Handle bit-vector datatype (HO)
Package: uniquecounter 2016/05/16 v1.3 Provide unlimited unique counter (HO)
)
Package hobsub Info: Skipping package `hobsub' (already loaded).
Package: letltxmacro 2016/05/16 v1.5 Let assignment for LaTeX macros (HO)
Package: hopatch 2016/05/16 v1.3 Wrapper for package hooks (HO)
Package: xcolor-patch 2016/05/16 xcolor patch
Package: atveryend 2016/05/16 v1.9 Hooks at the very end of document (HO)
Package hobsub Info: Skipping package `atbegshi' (already loaded).
Package: refcount 2016/05/16 v3.5 Data extraction from label references (HO)
Package: hycolor 2016/05/16 v1.8 Color options for hyperref/bookmark (HO)
)
(c:/texlive/2017/texmf-dist/tex/generic/ifxetex/ifxetex.sty
Package: ifxetex 2010/09/12 v0.6 Provides ifxetex conditional
)
(c:/texlive/2017/texmf-dist/tex/latex/oberdiek/auxhook.sty
Package: auxhook 2016/05/16 v1.4 Hooks for auxiliary files (HO)
)
\@linkdim=\dimen266
\Hy@linkcounter=\count283
\Hy@pagecounter=\count284

(c:/texlive/2017/texmf-dist/tex/latex/hyperref/pd1enc.def
File: pd1enc.def 2017/03/14 v6.85a Hyperref: PDFDocEncoding definition (HO)
)
\Hy@SavedSpaceFactor=\count285

(c:/texlive/2017/texmf-dist/tex/latex/latexconfig/hyperref.cfg
File: hyperref.cfg 2002/06/06 v1.2 hyperref configuration of TeXLive
)
Package hyperref Info: Option `colorlinks' set `true' on input line 4374.


Package hyperref Warning: Unexpected value `truebookmarkopen'
(hyperref)                of option `bookmarks' instead of
(hyperref)                `true' or 'false' on input line 4374.

Package hyperref Info: Hyper figures OFF on input line 4498.
Package hyperref Info: Link nesting OFF on input line 4503.
Package hyperref Info: Hyper index ON on input line 4506.
Package hyperref Info: Plain pages OFF on input line 4513.
Package hyperref Info: Backreferencing OFF on input line 4518.
Package hyperref Info: Implicit mode ON; LaTeX internals redefined.
Package hyperref Info: Bookmarks ON on input line 4751.
\c@Hy@tempcnt=\count286
(c:/texlive/2017/texmf-dist/tex/latex/url/url.sty
\Urlmuskip=\muskip17
Package: url 2013/09/16  ver 3.4  Verb mode for urls, etc.
)
LaTeX Info: Redefining \url on input line 5104.
\XeTeXLinkMargin=\dimen267
\Fld@menulength=\count287
\Field@Width=\dimen268
\Fld@charsize=\dimen269
Package hyperref Info: Hyper figures OFF on input line 6358.
Package hyperref Info: Link nesting OFF on input line 6363.
Package hyperref Info: Hyper index ON on input line 6366.
Package hyperref Info: backreferencing OFF on input line 6373.
Package hyperref Info: Link coloring ON on input line 6376.
Package hyperref Info: Link coloring with OCG OFF on input line 6383.
Package hyperref Info: PDF/A mode OFF on input line 6388.
LaTeX Info: Redefining \ref on input line 6428.
LaTeX Info: Redefining \pageref on input line 6432.
\Hy@abspage=\count288
\c@Item=\count289
\c@Hfootnote=\count290
)

Package hyperref Message: Driver (autodetected): hluatex.

(c:/texlive/2017/texmf-dist/tex/latex/hyperref/hluatex.def
File: hluatex.def 2017/03/14 v6.85a Hyperref driver for luaTeX
\Fld@listcount=\count291
\c@bookmark@seq@number=\count292

(c:/texlive/2017/texmf-dist/tex/latex/oberdiek/rerunfilecheck.sty
Package: rerunfilecheck 2016/05/16 v1.8 Rerun checks for auxiliary files (HO)
Package uniquecounter Info: New unique counter `rerunfilecheck' on input line 28
2.
)
\Hy@SectionHShift=\skip67
)
(./review.aux)
\openout1 = review.aux

LaTeX Font Info:    Checking defaults for OML/cmm/m/it on input line 55.
LaTeX Font Info:    ... okay on input line 55.
LaTeX Font Info:    Checking defaults for T1/cmr/m/n on input line 55.
LaTeX Font Info:    ... okay on input line 55.
LaTeX Font Info:    Checking defaults for OT1/cmr/m/n on input line 55.
LaTeX Font Info:    ... okay on input line 55.
LaTeX Font Info:    Checking defaults for OMS/cmsy/m/n on input line 55.
LaTeX Font Info:    ... okay on input line 55.
LaTeX Font Info:    Checking defaults for TU/lmr/m/n on input line 55.
LaTeX Font Info:    ... okay on input line 55.
LaTeX Font Info:    Checking defaults for OMX/cmex/m/n on input line 55.
LaTeX Font Info:    ... okay on input line 55.
LaTeX Font Info:    Checking defaults for U/cmr/m/n on input line 55.
LaTeX Font Info:    ... okay on input line 55.
LaTeX Font Info:    Checking defaults for TS1/cmr/m/n on input line 55.
LaTeX Font Info:    Try loading font information for TS1+cmr on input line 55.
 (c:/texlive/2017/texmf-dist/tex/latex/base/ts1cmr.fd
File: ts1cmr.fd 2014/09/29 v2.5h Standard LaTeX font definitions
)
LaTeX Font Info:    ... okay on input line 55.
LaTeX Font Info:    Checking defaults for JY3/mc/m/n on input line 55.
LaTeX Font Info:    ... okay on input line 55.
LaTeX Font Info:    Checking defaults for JT3/mc/m/n on input line 55.
LaTeX Font Info:    ... okay on input line 55.
LaTeX Font Info:    Checking defaults for PD1/pdf/m/n on input line 55.
LaTeX Font Info:    ... okay on input line 55.

(c:/texlive/2017/texmf-dist/tex/luatex/luatexja/patches/lltjp-fontspec.sty
Package: lltjp-fontspec 2017/05/05 Patch to fontspec for LuaTeX-ja
)
(c:/texlive/2017/texmf-dist/tex/luatex/luatexja/patches/lltjp-listings.sty
Package: lltjp-listings 2017/05/05 Patch to listings for LuaTeX-ja

(c:/texlive/2017/texmf-dist/tex/luatex/luatexbase/luatexbase-cctb.sty
Package: luatexbase-cctb 2015/10/04 v1.3 luatexbase interface to LuaTeX (legacy 
subpackage) 
)
\CatcodeTableLTJlistings=\catcodetable9
\ltj@lst@frame@lslimit=\dimen270

(c:/texlive/2017/texmf-dist/tex/latex/listings/lstmisc.sty
File: lstmisc.sty 2015/06/04 1.6 (Carsten Heinz)
\lst@WFtoken=\toks46
\lst@WF=\write6
))
\c@lstlisting=\count293

(c:/texlive/2017/texmf-dist/tex/context/base/mkii/supp-pdf.mkii
[Loading MPS to PDF converter (version 2006.09.02).]
\scratchcounter=\count294
\scratchdimen=\dimen271
\scratchbox=\box79
\nofMPsegments=\count295
\nofMParguments=\count296
\everyMPshowfont=\toks47
\MPscratchCnt=\count297
\MPscratchDim=\dimen272
\MPnumerator=\count298
\makeMPintoPDFobject=\count299
\everyMPtoPDFconversion=\toks48
) (c:/texlive/2017/texmf-dist/tex/latex/oberdiek/epstopdf-base.sty
Package: epstopdf-base 2016/05/15 v2.6 Base part for package epstopdf

(c:/texlive/2017/texmf-dist/tex/latex/oberdiek/grfext.sty
Package: grfext 2016/05/16 v1.2 Manage graphics extensions (HO)
)
Package epstopdf-base Info: Redefining graphics rule for `.eps' on input line 43
8.
Package grfext Info: Graphics extension search list:
(grfext)             [.png,.pdf,.jpg,.mps,.jpeg,.jbig2,.jb2,.PNG,.PDF,.JPG,.JPEG
,.JBIG2,.JB2,.eps]
(grfext)             \AppendGraphicsExtensions on input line 456.

(c:/texlive/2017/texmf-dist/tex/latex/latexconfig/epstopdf-sys.cfg
File: epstopdf-sys.cfg 2010/07/13 v1.3 Configuration of (r)epstopdf for TeX Live

))
\AtBeginShipoutBox=\box80

(c:/texlive/2017/texmf-dist/tex/latex/oberdiek/pdflscape.sty
Package: pdflscape 2016/05/14 v0.11 Display of landscape pages in PDF (HO)

(c:/texlive/2017/texmf-dist/tex/latex/graphics/lscape.sty
Package: lscape 2000/10/22 v3.01 Landscape Pages (DPC)
)
Package pdflscape Info: Auto-detected driver: pdftex on input line 81.
)
ABD: EverySelectfont initializing macros
LaTeX Info: Redefining \selectfont on input line 55.
.................................................
. fontspec info: "setup-math"
. 
. Adjusting the maths setup (use [no-math] to avoid this).
.................................................
\symlegacymaths=\mathgroup8
LaTeX Font Info:    Overwriting symbol font `legacymaths' in version `bold'
(Font)                  OT1/cmr/m/n --> OT1/cmr/bx/n on input line 55.
LaTeX Font Info:    Redeclaring math accent \acute on input line 55.
LaTeX Font Info:    Redeclaring math accent \grave on input line 55.
LaTeX Font Info:    Redeclaring math accent \ddot on input line 55.
LaTeX Font Info:    Redeclaring math accent \tilde on input line 55.
LaTeX Font Info:    Redeclaring math accent \bar on input line 55.
LaTeX Font Info:    Redeclaring math accent \breve on input line 55.
LaTeX Font Info:    Redeclaring math accent \check on input line 55.
LaTeX Font Info:    Redeclaring math accent \hat on input line 55.
LaTeX Font Info:    Redeclaring math accent \dot on input line 55.
LaTeX Font Info:    Redeclaring math accent \mathring on input line 55.
LaTeX Font Info:    Redeclaring math symbol \Gamma on input line 55.
LaTeX Font Info:    Redeclaring math symbol \Delta on input line 55.
LaTeX Font Info:    Redeclaring math symbol \Theta on input line 55.
LaTeX Font Info:    Redeclaring math symbol \Lambda on input line 55.
LaTeX Font Info:    Redeclaring math symbol \Xi on input line 55.
LaTeX Font Info:    Redeclaring math symbol \Pi on input line 55.
LaTeX Font Info:    Redeclaring math symbol \Sigma on input line 55.
LaTeX Font Info:    Redeclaring math symbol \Upsilon on input line 55.
LaTeX Font Info:    Redeclaring math symbol \Phi on input line 55.
LaTeX Font Info:    Redeclaring math symbol \Psi on input line 55.
LaTeX Font Info:    Redeclaring math symbol \Omega on input line 55.
LaTeX Font Info:    Redeclaring math symbol \mathdollar on input line 55.
LaTeX Font Info:    Redeclaring symbol font `operators' on input line 55.
LaTeX Font Info:    Encoding `OT1' has changed to `TU' for symbol font
(Font)              `operators' in the math version `normal' on input line 55.
LaTeX Font Info:    Overwriting symbol font `operators' in version `normal'
(Font)                  OT1/cmr/m/n --> TU/lmr/m/n on input line 55.
LaTeX Font Info:    Encoding `OT1' has changed to `TU' for symbol font
(Font)              `operators' in the math version `bold' on input line 55.
LaTeX Font Info:    Overwriting symbol font `operators' in version `bold'
(Font)                  OT1/cmr/bx/n --> TU/lmr/m/n on input line 55.
LaTeX Font Info:    Overwriting symbol font `operators' in version `normal'
(Font)                  TU/lmr/m/n --> TU/lmr/m/n on input line 55.
LaTeX Font Info:    Overwriting math alphabet `\mathit' in version `normal'
(Font)                  OT1/cmr/m/it --> TU/lmr/m/it on input line 55.
LaTeX Font Info:    Overwriting math alphabet `\mathbf' in version `normal'
(Font)                  OT1/cmr/bx/n --> TU/lmr/bx/n on input line 55.
LaTeX Font Info:    Overwriting math alphabet `\mathsf' in version `normal'
(Font)                  OT1/cmss/m/n --> TU/lmss/m/n on input line 55.
LaTeX Font Info:    Overwriting math alphabet `\mathtt' in version `normal'
(Font)                  OT1/cmtt/m/n --> TU/lmtt/m/n on input line 55.
LaTeX Font Info:    Overwriting symbol font `operators' in version `bold'
(Font)                  TU/lmr/m/n --> TU/lmr/bx/n on input line 55.
LaTeX Font Info:    Overwriting math alphabet `\mathit' in version `bold'
(Font)                  OT1/cmr/bx/it --> TU/lmr/bx/it on input line 55.
LaTeX Font Info:    Overwriting math alphabet `\mathsf' in version `bold'
(Font)                  OT1/cmss/bx/n --> TU/lmss/bx/n on input line 55.
LaTeX Font Info:    Overwriting math alphabet `\mathtt' in version `bold'
(Font)                  OT1/cmtt/m/n --> TU/lmtt/bx/n on input line 55.

(c:/texlive/2017/texmf-dist/tex/latex/beamer/translator/dicts/translator-basic-
dictionary/translator-basic-dictionary-English.dict
Dictionary: translator-basic-dictionary, Language: English 
)
(c:/texlive/2017/texmf-dist/tex/latex/siunitx/siunitx-abbreviations.cfg
File: siunitx-abbreviations.cfg 2017/05/19 v2.7g siunitx: Abbreviated units
)
Package caption Info: Begin \AtBeginDocument code.
Package caption Info: hyperref package is loaded.
Package caption Info: End \AtBeginDocument code.
Package hyperref Info: Link coloring ON on input line 55.

(c:/texlive/2017/texmf-dist/tex/latex/hyperref/nameref.sty
Package: nameref 2016/05/21 v2.44 Cross-referencing by name of section

(c:/texlive/2017/texmf-dist/tex/generic/oberdiek/gettitlestring.sty
Package: gettitlestring 2016/05/16 v1.5 Cleanup title references (HO)
)
\c@section@level=\count300
)
LaTeX Info: Redefining \ref on input line 55.
LaTeX Info: Redefining \pageref on input line 55.
LaTeX Info: Redefining \nameref on input line 55.

(./review.out) (./review.out)
\@outlinefile=\write7

\openout7 = review.out
\c__siunitx_mathsf_int=\count301
(load luc: C:/Users/qwe95/.texlive2017/texmf-var/luatex-cache/generic/fonts/otl/
lmroman7-regular.luc)(load cache: C:/Users/qwe95/.texlive2017/texmf-var/luatexja
/extra_lmroman7-regular.luc)(load luc: C:/Users/qwe95/.texlive2017/texmf-var/lua
tex-cache/generic/fonts/otl/lmroman5-regular.luc)(load cache: C:/Users/qwe95/.te
xlive2017/texmf-var/luatexja/extra_lmroman5-regular.luc)
LaTeX Font Info:    Font shape `JY3/NotoSerifCJKsc-Regular.otf(0)/m/n' will be
(Font)              scaled to size 6.73553pt on input line 55.
LaTeX Font Info:    Font shape `JY3/NotoSerifCJKsc-Regular.otf(0)/m/n' will be
(Font)              scaled to size 4.8111pt on input line 55.
LaTeX Font Info:    Try loading font information for U+msa on input line 55.
 (c:/texlive/2017/texmf-dist/tex/latex/amsfonts/umsa.fd
File: umsa.fd 2013/01/14 v3.01 AMS symbols A
)
LaTeX Font Info:    Try loading font information for U+msb on input line 55.

(c:/texlive/2017/texmf-dist/tex/latex/amsfonts/umsb.fd
File: umsb.fd 2013/01/14 v3.01 AMS symbols B
)(load luc: C:/Users/qwe95/.texlive2017/texmf-var/luatex-cache/generic/fonts/otl
/lmsans10-regular.luc)(load cache: C:/Users/qwe95/.texlive2017/texmf-var/luatexj
a/extra_lmsans10-regular.luc)(load luc: C:/Users/qwe95/.texlive2017/texmf-var/lu
atex-cache/generic/fonts/otl/lmsans8-regular.luc)(load cache: C:/Users/qwe95/.te
xlive2017/texmf-var/luatexja/extra_lmsans8-regular.luc)
\c__siunitx_mathtt_int=\count302
(load luc: C:/Users/qwe95/.texlive2017/texmf-var/luatex-cache/generic/fonts/otl/
lmmono8-regular.luc)(load cache: C:/Users/qwe95/.texlive2017/texmf-var/luatexja/
extra_lmmono8-regular.luc)
LaTeX Font Info:    Font shape `JT3/NotoSerifCJKsc-Regular.otf(0)/m/n' will be
(Font)              scaled to size 16.62714pt on input line 57.
LaTeX Font Info:    Font shape `JY3/NotoSerifCJKsc-Regular.otf(0)/m/n' will be
(Font)              scaled to size 16.62714pt on input line 57.
(load luc: C:/Users/qwe95/.texlive2017/texmf-var/luatex-cache/generic/fonts/otl/
lmroman12-regular.luc)(load cache: C:/Users/qwe95/.texlive2017/texmf-var/luatexj
a/extra_lmroman12-regular.luc)
LaTeX Font Info:    Font shape `JT3/NotoSerifCJKsc-Regular.otf(0)/m/n' will be
(Font)              scaled to size 11.54663pt on input line 57.
LaTeX Font Info:    Font shape `JY3/NotoSerifCJKsc-Regular.otf(0)/m/n' will be
(Font)              scaled to size 11.54663pt on input line 57.
(load luc: C:/Users/qwe95/.texlive2017/texmf-var/luatex-cache/generic/fonts/otl/
lmroman8-regular.luc)(load cache: C:/Users/qwe95/.texlive2017/texmf-var/luatexja
/extra_lmroman8-regular.luc)(load luc: C:/Users/qwe95/.texlive2017/texmf-var/lua
tex-cache/generic/fonts/otl/lmroman6-regular.luc)(load cache: C:/Users/qwe95/.te
xlive2017/texmf-var/luatexja/extra_lmroman6-regular.luc)(load luc: C:/Users/qwe9
5/.texlive2017/texmf-var/luatex-cache/generic/fonts/otl/lmsans12-regular.luc)(lo
ad cache: C:/Users/qwe95/.texlive2017/texmf-var/luatexja/extra_lmsans12-regular.
luc)(load luc: C:/Users/qwe95/.texlive2017/texmf-var/luatex-cache/generic/fonts/
otl/lmmono12-regular.luc)(load cache: C:/Users/qwe95/.texlive2017/texmf-var/luat
exja/extra_lmmono12-regular.luc)
LaTeX Font Info:    Font shape `JY3/NotoSerifCJKsc-Regular.otf(0)/m/n' will be
(Font)              scaled to size 7.69775pt on input line 57.
LaTeX Font Info:    Font shape `JY3/NotoSerifCJKsc-Regular.otf(0)/m/n' will be
(Font)              scaled to size 5.77332pt on input line 57.
(load luc: C:/Users/qwe95/.texlive2017/texmf-var/luatex-cache/generic/fonts/otl/
lmroman12-italic.luc)(load cache: C:/Users/qwe95/.texlive2017/texmf-var/luatexja
/extra_lmroman12-italic.luc)
LaTeX Font Info:    Font shape `JT3/NotoSerifCJKsc-Regular.otf(0)/m/it' will be
(Font)              scaled to size 11.54663pt on input line 57.
LaTeX Font Info:    Font shape `JY3/NotoSerifCJKsc-Regular.otf(0)/m/it' will be
(Font)              scaled to size 11.54663pt on input line 57.
LaTeX Font Info:    Font shape `JT3/NotoSerifCJKsc-Regular.otf(0)/m/n' will be
(Font)              scaled to size 13.85594pt on input line 57.
LaTeX Font Info:    Font shape `JY3/NotoSerifCJKsc-Regular.otf(0)/m/n' will be
(Font)              scaled to size 13.85594pt on input line 57.
(load luc: C:/Users/qwe95/.texlive2017/texmf-var/luatex-cache/generic/fonts/otl/
lmroman12-bold.luc)(load cache: C:/Users/qwe95/.texlive2017/texmf-var/luatexja/e
xtra_lmroman12-bold.luc)
LaTeX Font Info:    Font shape `JT3/NotoSerifCJKsc-Regular.otf(0)/bx/n' will be
(Font)              scaled to size 13.85594pt on input line 57.
LaTeX Font Info:    Font shape `JY3/NotoSerifCJKsc-Regular.otf(0)/bx/n' will be
(Font)              scaled to size 13.85594pt on input line 57.
 (./review.toc
LaTeX Font Info:    Font shape `JT3/NotoSerifCJKsc-Regular.otf(0)/bx/n' will be
(Font)              scaled to size 9.6222pt on input line 1.
LaTeX Font Info:    Font shape `JY3/NotoSerifCJKsc-Regular.otf(0)/bx/n' will be
(Font)              scaled to size 9.6222pt on input line 1.
 [1

{c:/texlive/2017/texmf-var/fonts/map/pdftex/updmap/pdftex.map}])
\tf@toc=\write8

\openout8 = review.toc
 [2]
LaTeX Font Info:    Font shape `JT3/NotoSerifCJKsc-Regular.otf(0)/bx/n' will be
(Font)              scaled to size 11.54663pt on input line 61.
LaTeX Font Info:    Font shape `JY3/NotoSerifCJKsc-Regular.otf(0)/bx/n' will be
(Font)              scaled to size 11.54663pt on input line 61.

\openout3 = review.pyg

(./_minted-review/default-pyg-prefix.pygstyle) (./_minted-review/emacs.pygstyle
)
(./_minted-review/B2CDC791EAFF5498F39629C6B159B9FF9357F33DE980776755BE60A6AFAB8
161.pygtex
LaTeX Font Info:    Font shape `TU/lmtt/bx/n' in size <10> not available
(Font)              Font shape `TU/lmtt/b/n' tried instead on input line 2.
(load luc: C:/Users/qwe95/.texlive2017/texmf-var/luatex-cache/generic/fonts/otl/
lmmonolt10-bold.luc)(load cache: C:/Users/qwe95/.texlive2017/texmf-var/luatexja/
extra_lmmonolt10-bold.luc)(load luc: C:/Users/qwe95/.texlive2017/texmf-var/luate
x-cache/generic/fonts/otl/lmmono10-italic.luc)(load cache: C:/Users/qwe95/.texli
ve2017/texmf-var/luatexja/extra_lmmono10-italic.luc)
LaTeX Font Info:    Font shape `JT3/NotoSerifCJKsc-Regular.otf(0)/m/it' will be
(Font)              scaled to size 9.6222pt on input line 3.
LaTeX Font Info:    Font shape `JY3/NotoSerifCJKsc-Regular.otf(0)/m/it' will be
(Font)              scaled to size 9.6222pt on input line 3.
)
\openout3 = review.pyg

(./_minted-review/9109E790ABDE3A9E60D79C076ACA68AA9357F33DE980776755BE60A6AFAB8
161.pygtex [3])
\openout3 = review.pyg

(./_minted-review/8F4A722AEF1F5558A685DA3F66E38BB69357F33DE980776755BE60A6AFAB8
161.pygtex [4])
Overfull \hbox (18.95807pt too wide) in paragraph at lines 163--166
[]\TU/lmr/m/n/10 semaphore |\JY3/NotoSerifCJKsc-Regular.otf(0)/m/n/10 说 |白 
|了 |只 |是 |一 |种 |特 |殊 |的 \TU/lmr/m/n/10 data struc-ture |\JY3/No
toSerifCJKsc-Regular.otf(0)/m/n/10 只 |不 |过 |确 |保 |了 |所 |谓 \TU/l
mr/bx/n/10 atomic ac-tion |\JY3/NotoSerifCJKsc-Regular.otf(0)/m/n/10 罢 |了 [
]  |这 |种 \TU/lmr/bx/n/10 indivisibility
 []

[5]
\openout3 = review.pyg

(./_minted-review/8CDC7D724FEA44BC3D9A6A0F8635825A9357F33DE980776755BE60A6AFAB8
161.pygtex [6])
\openout3 = review.pyg

(./_minted-review/753F9BCC53403227158DA3820F0D38925B75687A033CD773A4993D1093A9D
3A5.pygtex [7])
\openout3 = review.pyg

(./_minted-review/55EE6E2FA72E688FA5432CD616FED0D19357F33DE980776755BE60A6AFAB8
161.pygtex [8]) [9] <safe.png, id=278, 390.60214pt x 115.71803pt>
File: safe.png Graphic file (type png)

<use safe.png>
Package luatex.def Info: safe.png used on input line 377.
(luatex.def)             Requested size: 390.60118pt x 115.71774pt.

Overfull \hbox (209.4168pt too wide) in paragraph at lines 377--378
 [][] 
 []

<unsafe.png, id=279, 384.14946pt x 110.5559pt>
File: unsafe.png Graphic file (type png)
 <use unsafe.png>
Package luatex.def Info: unsafe.png used on input line 380.
(luatex.def)             Requested size: 384.14851pt x 110.5556pt.

Overfull \hbox (202.96413pt too wide) in paragraph at lines 380--381
[][] 
 []

[10<./safe.png><./unsafe.png>]
<deadlocksummary.png, id=289, 228.42482pt x 87.75642pt>
File: deadlocksummary.png Graphic file (type png)

<use deadlocksummary.png>
Package luatex.def Info: deadlocksummary.png used on input line 410.
(luatex.def)             Requested size: 228.42424pt x 87.7562pt.
 <thread.png, id=291, 421.14482pt x 164.32822pt>
File: thread.png Graphic file (type png)

<use thread.png>
Package luatex.def Info: thread.png used on input line 427.
(luatex.def)             Requested size: 421.14378pt x 164.3278pt.
 [11<./deadlocksummary.png>]
<cpuutil.png, id=301, 365.65178pt x 191.42946pt>
File: cpuutil.png Graphic file (type png)
 <use cpuutil.png>
Package luatex.def Info: cpuutil.png used on input line 470.
(luatex.def)             Requested size: 365.65088pt x 191.42897pt.
 [12<./thread.png>] [13<./cpuutil.png>] <disklayout.png, id=315, 470.61536pt x 
194.44072pt>
File: disklayout.png Graphic file (type png)

<use disklayout.png>
Package luatex.def Info: disklayout.png used on input line 511.
(luatex.def)             Requested size: 470.61421pt x 194.44025pt.

Overfull \hbox (17.64632pt too wide) in paragraph at lines 511--512
 [][] 
 []

[14<./disklayout.png>] <longfilename.png, id=324, 478.35857pt x 362.64053pt>
File: longfilename.png Graphic file (type png)

<use longfilename.png>
Package luatex.def Info: longfilename.png used on input line 554.
(luatex.def)             Requested size: 478.35739pt x 362.63965pt.

Overfull \hbox (25.3895pt too wide) in paragraph at lines 554--555
 [][] 
 []

[15<./longfilename.png>] <staticlink.png, id=332, 388.02107pt x 215.51947pt>
File: staticlink.png Graphic file (type png)

<use staticlink.png>
Package luatex.def Info: staticlink.png used on input line 584.
(luatex.def)             Requested size: 388.02011pt x 215.51894pt.


./review.tex:602: LaTeX Error: Environment qutoe undefined.

See the LaTeX manual or LaTeX Companion for explanation.
Type  H <return>  for immediate help.
 ...                                              
                                                  
l.602 \begin{qutoe}
                 
Your command was ignored.
Type  I <command> <return>  to replace it with another command,
or  <return>  to continue without it.


./review.tex:608: LaTeX Error: \begin{document} ended by \end{qutoe}.

See the LaTeX manual or LaTeX Companion for explanation.
Type  H <return>  for immediate help.
 ...                                              
                                                  
l.608 \end{qutoe}
               
Your command was ignored.
Type  I <command> <return>  to replace it with another command,
or  <return>  to continue without it.

[16<./staticlink.png>] [17] [18]
Package atveryend Info: Empty hook `BeforeClearDocument' on input line 723.
 [19]
Package atveryend Info: Empty hook `AfterLastShipout' on input line 723.
 (./review.aux)
Package atveryend Info: Executing hook `AtVeryEndDocument' on input line 723.
Package atveryend Info: Executing hook `AtEndAfterFileList' on input line 723.


Package rerunfilecheck Warning: File `review.out' has changed.
(rerunfilecheck)                Rerun to get outlines right
(rerunfilecheck)                or use package `bookmark'.

Package rerunfilecheck Info: Checksums for `review.out':
(rerunfilecheck)             Before: CFF02E26010FCE23B850B894CDDDDDC8;3003
(rerunfilecheck)             After:  29A6B008A8321AF85876E6B788C9FD95;3049.

LaTeX Font Warning: Some font shapes were not available, defaults substituted.

)

Here is how much of LuaTeX's memory you used:
 26751 strings out of 494481
 195592,794899 words of node,token memory allocated
 17965 words of node memory still in use:
   10 hlist, 2 vlist, 5 rule, 30 glue, 193 kern, 5133 attribute, 1145 glue_spec,
 266 attribute_list, 1 write, 13 user_defined nodes
   avail lists: 1:5,2:61607,3:285,4:789,5:109,6:3713,7:1730,8:860,9:420,10:9,11:
195
 29615 multiletter control sequences out of 65536+600000
 116 fonts using 176957427 bytes
 57i,9n,96p,841b,973s stack positions out of 5000i,500n,10000p,200000b,100000s
<c:/WINDOWS/fonts/NotoSerifCJKsc-Bold.otf><c:/texlive/2017/texmf-dist/fonts/open
type/public/lm/lmroman10-italic.otf><c:/texlive/2017/texmf-dist/fonts/opentype/p
ublic/lm/lmmono10-italic.otf><c:/texlive/2017/texmf-dist/fonts/opentype/public/l
m/lmmono10-regular.otf><c:/texlive/2017/texmf-dist/fonts/opentype/public/lm/lmmo
nolt10-bold.otf><c:/WINDOWS/fonts/NotoSerifCJKsc-Regular.otf><c:/texlive/2017/te
xmf-dist/fonts/opentype/public/lm/lmroman10-regular.otf><c:/texlive/2017/texmf-d
ist/fonts/opentype/public/lm/lmroman10-bold.otf><c:/texlive/2017/texmf-dist/font
s/opentype/public/lm/lmroman12-bold.otf><c:/texlive/2017/texmf-dist/fonts/openty
pe/public/lm/lmroman12-regular.otf><c:/WINDOWS/fonts/simkai.ttf><c:/texlive/2017
/texmf-dist/fonts/opentype/public/lm/lmroman17-regular.otf>
Output written on review.pdf (19 pages, 535038 bytes).

PDF statistics: 434 PDF objects out of 1000 (max. 8388607)
 357 compressed objects within 4 object streams
 73 named destinations out of 1000 (max. 131072)
 353 words of extra memory for PDF output out of 10000 (max. 100000000)

